<?xml version="1.0" encoding="utf-8"?><testsuites><testsuite name="pytest" errors="0" failures="0" skipped="0" tests="5" time="0.199" timestamp="2023-12-21T15:46:39.695667" hostname="fv-az569-346"><testcase classname="tests.test_PTWordFinder" name="test_help" time="0.041" /><testcase classname="tests.test_PTWordFinder" name="test_calculate_words[tests/pan-tadeusz-czyli-ostatni-zajazd-na-litwie.txt-Number of lines : 9513-Found: 166 words-Time elapsed: 0.1 second]" time="0.095" /><testcase classname="tests.test_PTWordFinder" name="test_calculate_words[tests/test-file.txt-Number of lines : 4-Found: 6 words-Time elapsed: 0.0 second]" time="0.001" /><testcase classname="tests.test_PTWordFinder" name="test_nonblank_lines_for_multilines" time="0.006" /><testcase classname="tests.test_PTWordFinder" name="test_nonblank_lines_for_one_line" time="0.002" /></testsuite></testsuites>