<?xml version="1.0" encoding="utf-8"?><testsuites><testsuite name="pytest" errors="0" failures="0" skipped="0" tests="41" time="0.128" timestamp="2024-06-04T08:26:14.986977" hostname="fv-az914-826"><testcase classname="tests.test_PTWordFinder" name="test_help_message" time="0.002" /><testcase classname="tests.test_PTWordFinder" name="test_error_on_both_word_options" time="0.001" /><testcase classname="tests.test_PTWordFinder" name="test_error_on_missing_options" time="0.001" /><testcase classname="tests.test_PTWordFinder" name="test_count_multiple_words" time="0.001" /><testcase classname="tests.test_PTWordFinder" name="test_count_single_word" time="0.001" /><testcase classname="tests.test_PTWordFinder" name="test_count_pattern" time="0.001" /><testcase classname="tests.test_PTWordFinder" name="test_file_not_found" time="0.001" /><testcase classname="tests.unit.test_count_multiple_words_in_file" name="test_count_multiple_words_in_file_given_word_set" time="0.002" /><testcase classname="tests.unit.test_count_multiple_words_in_file" name="test_count_multiple_words_in_file_given_empty_word_set" time="0.001" /><testcase classname="tests.unit.test_count_multiple_words_in_file" name="test_count_multiple_words_in_file_given_nonexistent_word" time="0.001" /><testcase classname="tests.unit.test_count_multiple_words_in_file" name="test_count_multiple_words_in_file_nonexistent_file" time="0.000" /><testcase classname="tests.unit.test_count_patern_in_file" name="test_count_pattern_in_file_no_matches" time="0.001" /><testcase classname="tests.unit.test_count_patern_in_file" name="test_count_pattern_in_file_matches" time="0.001" /><testcase classname="tests.unit.test_count_patern_in_file" name="test_count_pattern_in_file_empty_file" time="0.005" /><testcase classname="tests.unit.test_count_patern_in_file" name="test_count_pattern_in_file_blank_lines" time="0.003" /><testcase classname="tests.unit.test_count_patern_in_file" name="test_empty_file" time="0.000" /><testcase classname="tests.unit.test_count_patern_in_file" name="test_single_match" time="0.001" /><testcase classname="tests.unit.test_count_patern_in_file" name="test_multiple_matches" time="0.001" /><testcase classname="tests.unit.test_count_patern_in_file" name="test_case_insensitive" time="0.001" /><testcase classname="tests.unit.test_count_patern_in_file" name="test_nonblank_lines" time="0.001" /><testcase classname="tests.unit.test_count_patern_in_file" name="test_multiple_spaces" time="0.001" /><testcase classname="tests.unit.test_count_patern_in_file" name="test_invalid_file" time="0.001" /><testcase classname="tests.unit.test_count_word_in_file" name="test_count_word_in_file" time="0.002" /><testcase classname="tests.unit.test_count_word_in_file" name="test_word_not_found" time="0.001" /><testcase classname="tests.unit.test_count_word_in_file" name="test_file_not_found" time="0.001" /><testcase classname="tests.unit.test_non_blank_lines" name="test_empty_file" time="0.001" /><testcase classname="tests.unit.test_non_blank_lines" name="test_single_non_blank_line" time="0.001" /><testcase classname="tests.unit.test_non_blank_lines" name="test_multiple_non_blank_lines" time="0.001" /><testcase classname="tests.unit.test_non_blank_lines" name="test_mixed_content" time="0.001" /><testcase classname="tests.unit.test_non_blank_lines" name="test_non_alphanumeric" time="0.001" /><testcase classname="tests.unit.test_sanitize_patterns" name="test_sanitize_pattern_with_allowed_characters" time="0.001" /><testcase classname="tests.unit.test_sanitize_patterns" name="test_sanitize_pattern_simple" time="0.001" /><testcase classname="tests.unit.test_sanitize_patterns" name="test_sanitize_pattern_with_disallowed_characters" time="0.001" /><testcase classname="tests.unit.test_sanitize_patterns" name="test_sanitize_pattern_with_empty_pattern" time="0.001" /><testcase classname="tests.unit.test_sanitize_patterns" name="test_no_special_characters" time="0.001" /><testcase classname="tests.unit.test_sanitize_patterns" name="test_escape_metacharacters[special*characters-special\\*characters]" time="0.001" /><testcase classname="tests.unit.test_sanitize_patterns" name="test_escape_metacharacters[^$()[]{}.*+?|\\-\\^\\$\\(\\)\\[\\]\\{\\}\\.\\*\\+\\?\\|\\\\]" time="0.001" /><testcase classname="tests.unit.test_sanitize_patterns" name="test_escape_metacharacters[\\d+-\\\\d\\+]" time="0.001" /><testcase classname="tests.unit.test_sanitize_patterns" name="test_escape_metacharacters[user-provided$pattern-user\\-provided\\$pattern]" time="0.001" /><testcase classname="tests.unit.test_sanitize_patterns" name="test_escape_metacharacters[another^pattern-another\\^pattern]" time="0.001" /><testcase classname="tests.unit.test_sanitize_patterns" name="test_sanitize_pattern_with_non_string_input" time="0.001" /></testsuite></testsuites>