<?xml version="1.0" encoding="utf-8"?><testsuites><testsuite name="pytest" errors="0" failures="0" skipped="0" tests="5" time="0.297" timestamp="2023-05-01T18:46:04.580518" hostname="fv-az548-121"><testcase classname="tests.test_PTWordFinder" name="test_help" time="0.060" /><testcase classname="tests.test_PTWordFinder" name="test_calculate_words[tests/pan-tadeusz-czyli-ostatni-zajazd-na-litwie.txt-Number of lines : 9513-Found: 166 words-Time elapsed: 0.1 second]" time="0.143" /><testcase classname="tests.test_PTWordFinder" name="test_calculate_words[tests/test-file.txt-Number of lines : 4-Found: 6 words-Time elapsed: 0.0 second]" time="0.002" /><testcase classname="tests.test_PTWordFinder" name="test_nonblank_lines_for_multilines" time="0.008" /><testcase classname="tests.test_PTWordFinder" name="test_nonblank_lines_for_one_line" time="0.004" /></testsuite></testsuites>