<?xml version="1.0" encoding="utf-8"?><testsuites><testsuite name="pytest" errors="0" failures="0" skipped="0" tests="30" time="0.101" timestamp="2024-02-16T11:38:07.842199" hostname="fv-az714-520"><testcase classname="tests.test_PTWordFinder" name="test_help_message" time="0.002" /><testcase classname="tests.test_PTWordFinder" name="test_error_on_both_word_options" time="0.001" /><testcase classname="tests.test_PTWordFinder" name="test_error_on_missing_options" time="0.001" /><testcase classname="tests.test_PTWordFinder" name="test_count_multiple_words" time="0.001" /><testcase classname="tests.test_PTWordFinder" name="test_count_single_word" time="0.001" /><testcase classname="tests.test_PTWordFinder" name="test_count_pattern" time="0.001" /><testcase classname="tests.test_PTWordFinder" name="test_file_not_found" time="0.001" /><testcase classname="tests.unit.test_count_multiple_words_in_file" name="test_count_multiple_words_in_file_given_word_set" time="0.002" /><testcase classname="tests.unit.test_count_multiple_words_in_file" name="test_count_multiple_words_in_file_given_empty_word_set" time="0.001" /><testcase classname="tests.unit.test_count_multiple_words_in_file" name="test_count_multiple_words_in_file_given_nonexistent_word" time="0.001" /><testcase classname="tests.unit.test_count_multiple_words_in_file" name="test_count_multiple_words_in_file_nonexistent_file" time="0.000" /><testcase classname="tests.unit.test_count_patern_in_file" name="test_count_pattern_in_file_no_matches" time="0.001" /><testcase classname="tests.unit.test_count_patern_in_file" name="test_count_pattern_in_file_matches" time="0.001" /><testcase classname="tests.unit.test_count_patern_in_file" name="test_count_pattern_in_file_empty_file" time="0.005" /><testcase classname="tests.unit.test_count_patern_in_file" name="test_count_pattern_in_file_blank_lines" time="0.003" /><testcase classname="tests.unit.test_count_patern_in_file" name="test_empty_file" time="0.000" /><testcase classname="tests.unit.test_count_patern_in_file" name="test_single_match" time="0.001" /><testcase classname="tests.unit.test_count_patern_in_file" name="test_multiple_matches" time="0.001" /><testcase classname="tests.unit.test_count_patern_in_file" name="test_case_insensitive" time="0.000" /><testcase classname="tests.unit.test_count_patern_in_file" name="test_nonblank_lines" time="0.001" /><testcase classname="tests.unit.test_count_patern_in_file" name="test_multiple_spaces" time="0.000" /><testcase classname="tests.unit.test_count_patern_in_file" name="test_invalid_file" time="0.000" /><testcase classname="tests.unit.test_count_word_in_file" name="test_count_word_in_file" time="0.001" /><testcase classname="tests.unit.test_count_word_in_file" name="test_word_not_found" time="0.001" /><testcase classname="tests.unit.test_count_word_in_file" name="test_file_not_found" time="0.000" /><testcase classname="tests.unit.test_nonblank_lines" name="test_empty_file" time="0.001" /><testcase classname="tests.unit.test_nonblank_lines" name="test_single_nonblank_line" time="0.000" /><testcase classname="tests.unit.test_nonblank_lines" name="test_multiple_nonblank_lines" time="0.000" /><testcase classname="tests.unit.test_nonblank_lines" name="test_mixed_content" time="0.000" /><testcase classname="tests.unit.test_nonblank_lines" name="test_non_alphanumeric" time="0.001" /></testsuite></testsuites>