<?xml version="1.0" encoding="utf-8"?><testsuites><testsuite name="pytest" errors="0" failures="0" skipped="0" tests="6" time="0.203" timestamp="2024-02-02T18:15:11.049469" hostname="fv-az1022-36"><testcase classname="tests.test_PTWordFinder" name="test_help" time="0.043" /><testcase classname="tests.test_PTWordFinder" name="test_calculate_words[tests/pan-tadeusz-czyli-ostatni-zajazd-na-litwie.txt-Number of lines : 9513-Found: 166 words-Time elapsed: 0.1 second]" time="0.093" /><testcase classname="tests.test_PTWordFinder" name="test_calculate_words[tests/test-file.txt-Number of lines : 4-Found: 6 words-Time elapsed: 0.0 second]" time="0.001" /><testcase classname="tests.test_PTWordFinder" name="test_nonblank_lines_for_multilines" time="0.005" /><testcase classname="tests.test_PTWordFinder" name="test_nonblank_lines_for_one_line" time="0.002" /><testcase classname="tests.test_PTWordFinder" name="test_calculate_single_word" time="0.005" /></testsuite></testsuites>