<?xml version="1.0" encoding="utf-8"?><testsuites><testsuite name="pytest" errors="0" failures="0" skipped="0" tests="5" time="0.327" timestamp="2023-06-24T11:52:15.100554" hostname="fv-az341-124"><testcase classname="tests.test_PTWordFinder" name="test_help" time="0.064" /><testcase classname="tests.test_PTWordFinder" name="test_calculate_words[tests/pan-tadeusz-czyli-ostatni-zajazd-na-litwie.txt-Number of lines : 9513-Found: 166 words-Time elapsed: 0.1 second]" time="0.153" /><testcase classname="tests.test_PTWordFinder" name="test_calculate_words[tests/test-file.txt-Number of lines : 4-Found: 6 words-Time elapsed: 0.0 second]" time="0.002" /><testcase classname="tests.test_PTWordFinder" name="test_nonblank_lines_for_multilines" time="0.009" /><testcase classname="tests.test_PTWordFinder" name="test_nonblank_lines_for_one_line" time="0.004" /></testsuite></testsuites>